<?xml version="1.0" encoding="UTF-8"?>
<testng-results ignored="0" total="1" passed="1" failed="0" skipped="0">
  <reporter-output>
  </reporter-output>
  <suite started-at="2023-09-08T08:52:42 IST" name="Default suite" finished-at="2023-09-08T08:52:49 IST" duration-ms="6721">
    <groups>
    </groups>
    <test started-at="2023-09-08T08:52:42 IST" name="Default test" finished-at="2023-09-08T08:52:49 IST" duration-ms="6721">
      <class name="automation.FirstAutomation">
        <test-method signature="fbloginFunctionality()[pri:0, instance:automation.FirstAutomation@e15b7e8]" started-at="2023-09-08T08:52:42 IST" name="fbloginFunctionality" finished-at="2023-09-08T08:52:49 IST" duration-ms="6634" status="PASS">
          <reporter-output>
          </reporter-output>
        </test-method> <!-- fbloginFunctionality -->
      </class> <!-- automation.FirstAutomation -->
    </test> <!-- Default test -->
  </suite> <!-- Default suite -->
</testng-results>
